[33m[01m[05m[ You are changing the branch: lab3 ][0m
Autotest: Begin at Wed Apr 27 23:39:30 CST 2022
[33m[01m[ env_check and load_icode_check test begin. ][0m
Begin build at Wed Apr 27 23:39:30 CST 2022
Cleanning the project.................

for d in boot drivers init lib mm;	\
	do					\
		make --directory=$d clean; \
	done; \
rm -rf *.o *~ gxemul/vmlinux
make[1]: Entering directory '/usr/src/workdir/boot'
rm -rf *~ *.o
make[1]: Leaving directory '/usr/src/workdir/boot'
make[1]: Entering directory '/usr/src/workdir/drivers'
for d in gxconsole; \
	do				\
		make --directory=$d clean; \
	done
make[2]: Entering directory '/usr/src/workdir/drivers/gxconsole'
rm -rf *.o *~
make[2]: Leaving directory '/usr/src/workdir/drivers/gxconsole'
make[1]: Leaving directory '/usr/src/workdir/drivers'
make[1]: Entering directory '/usr/src/workdir/init'
rm -rf *~ *.o
make[1]: Leaving directory '/usr/src/workdir/init'
make[1]: Entering directory '/usr/src/workdir/lib'
rm -rf *~ *.o
make[1]: Leaving directory '/usr/src/workdir/lib'
make[1]: Entering directory '/usr/src/workdir/mm'
rm -rf *~ *.o
make[1]: Leaving directory '/usr/src/workdir/mm'

Building the project..................

make --directory=boot
make[1]: Entering directory '/usr/src/workdir/boot'
/OSLAB/compiler/usr/bin/mips_4KC-gcc -O -G 0 -mno-abicalls -fno-builtin -Wa,-xgot -Wall -fPIC -march=r3000 -I../include/ -c start.S 
make[1]: Leaving directory '/usr/src/workdir/boot'
make --directory=drivers
make[1]: Entering directory '/usr/src/workdir/drivers'
make --directory=gxconsole
make[2]: Entering directory '/usr/src/workdir/drivers/gxconsole'
/OSLAB/compiler/usr/bin/mips_4KC-gcc -O -G 0 -mno-abicalls -fno-builtin -Wa,-xgot -Wall -fPIC -march=r3000   -c -o console.o console.c
make[2]: Leaving directory '/usr/src/workdir/drivers/gxconsole'
make[1]: Leaving directory '/usr/src/workdir/drivers'
make --directory=init
make[1]: Entering directory '/usr/src/workdir/init'
/OSLAB/compiler/usr/bin/mips_4KC-gcc -O -G 0 -mno-abicalls -fno-builtin -Wa,-xgot -Wall -fPIC -march=r3000 -I../include -c init.c
init.c: In function 'mips_init':
init.c:18: warning: implicit declaration of function 'env_check'
init.c:19: warning: implicit declaration of function 'change_load_icode_check'
init.c: At top level:
init.c:34: warning: conflicting types for 'change_load_icode_check'
init.c:19: warning: previous implicit declaration of 'change_load_icode_check' was here
init.c: In function 'change_load_icode_check':
init.c:41: warning: unused variable 'paddr'
/OSLAB/compiler/usr/bin/mips_4KC-gcc -O -G 0 -mno-abicalls -fno-builtin -Wa,-xgot -Wall -fPIC -march=r3000 -I../include -c main.c
/OSLAB/compiler/usr/bin/mips_4KC-gcc -O -G 0 -mno-abicalls -fno-builtin -Wa,-xgot -Wall -fPIC -march=r3000 -I../include -c code_a.c
/OSLAB/compiler/usr/bin/mips_4KC-gcc -O -G 0 -mno-abicalls -fno-builtin -Wa,-xgot -Wall -fPIC -march=r3000 -I../include -c code_b.c
/OSLAB/compiler/usr/bin/mips_4KC-gcc -O -G 0 -mno-abicalls -fno-builtin -Wa,-xgot -Wall -fPIC -march=r3000 -I../include -c check_icode.c
make[1]: Leaving directory '/usr/src/workdir/init'
make --directory=lib
make[1]: Entering directory '/usr/src/workdir/lib'
/OSLAB/compiler/usr/bin/mips_4KC-gcc -O -G 0 -mno-abicalls -fno-builtin -Wa,-xgot -Wall -fPIC -march=r3000 -I./ -I../ -I../include/ -c kernel_elfloader.c
kernel_elfloader.c: In function 'load_elf':
kernel_elfloader.c:77: warning: suggest parentheses around assignment used as truth value
/OSLAB/compiler/usr/bin/mips_4KC-gcc -O -G 0 -mno-abicalls -fno-builtin -Wa,-xgot -Wall -fPIC -march=r3000 -I./ -I../ -I../include/ -c env.c
env.c: In function 'envid2env':
env.c:96: error: incompatible types in assignment
env.c: In function 'env_setup_vm':
env.c:171: warning: suggest parentheses around assignment used as truth value
env.c: In function 'env_alloc':
env.c:237: warning: suggest parentheses around assignment used as truth value
env.c: In function 'load_icode_mapper':
env.c:287: warning: suggest parentheses around assignment used as truth value
env.c:298: warning: suggest parentheses around assignment used as truth value
env.c:303: warning: suggest parentheses around assignment used as truth value
env.c:310: warning: suggest parentheses around assignment used as truth value
env.c:314: error: 'struct Env' has no member named 'env_pgidr'
env.c:314: warning: suggest parentheses around assignment used as truth value
env.c: In function 'load_icode':
env.c:349: warning: suggest parentheses around assignment used as truth value
env.c:356: warning: suggest parentheses around assignment used as truth value
env.c: In function 'env_create_priority':
env.c:382: warning: passing argument 1 of 'env_alloc' from incompatible pointer type
env.c: In function 'env_run':
env.c:503: warning: passing argument 1 of 'lcontext' makes integer from pointer without a cast
env.c: In function 'load_icode_check':
env.c:599: warning: unused variable 'paddr'
make[1]: *** [Makefile:3: env.o] Error 1
make[1]: Leaving directory '/usr/src/workdir/lib'
make: *** [Makefile:32: lib] Error 2

End build at Wed Apr 27 23:39:32 CST 2022
[35m[ PASSED:0 ][0m
[35m[ TOTAL:10 ][0m
[33m[01m[ You got 5/50 in env_check and load_icode_check test. ][0m
[33m[01m[ Exception and scheduling algorithm test begin. ][0m
Begin build at Wed Apr 27 23:39:32 CST 2022
Cleanning the project.................

for d in boot drivers init lib mm;	\
	do					\
		make --directory=$d clean; \
	done; \
rm -rf *.o *~ gxemul/vmlinux
make[1]: Entering directory '/usr/src/workdir/boot'
rm -rf *~ *.o
make[1]: Leaving directory '/usr/src/workdir/boot'
make[1]: Entering directory '/usr/src/workdir/drivers'
for d in gxconsole; \
	do				\
		make --directory=$d clean; \
	done
make[2]: Entering directory '/usr/src/workdir/drivers/gxconsole'
rm -rf *.o *~
make[2]: Leaving directory '/usr/src/workdir/drivers/gxconsole'
make[1]: Leaving directory '/usr/src/workdir/drivers'
make[1]: Entering directory '/usr/src/workdir/init'
rm -rf *~ *.o
make[1]: Leaving directory '/usr/src/workdir/init'
make[1]: Entering directory '/usr/src/workdir/lib'
rm -rf *~ *.o
make[1]: Leaving directory '/usr/src/workdir/lib'
make[1]: Entering directory '/usr/src/workdir/mm'
rm -rf *~ *.o
make[1]: Leaving directory '/usr/src/workdir/mm'

Building the project..................

make --directory=boot
make[1]: Entering directory '/usr/src/workdir/boot'
/OSLAB/compiler/usr/bin/mips_4KC-gcc -O -G 0 -mno-abicalls -fno-builtin -Wa,-xgot -Wall -fPIC -march=r3000 -I../include/ -c start.S 
make[1]: Leaving directory '/usr/src/workdir/boot'
make --directory=drivers
make[1]: Entering directory '/usr/src/workdir/drivers'
make --directory=gxconsole
make[2]: Entering directory '/usr/src/workdir/drivers/gxconsole'
/OSLAB/compiler/usr/bin/mips_4KC-gcc -O -G 0 -mno-abicalls -fno-builtin -Wa,-xgot -Wall -fPIC -march=r3000   -c -o console.o console.c
make[2]: Leaving directory '/usr/src/workdir/drivers/gxconsole'
make[1]: Leaving directory '/usr/src/workdir/drivers'
make --directory=init
make[1]: Entering directory '/usr/src/workdir/init'
/OSLAB/compiler/usr/bin/mips_4KC-gcc -O -G 0 -mno-abicalls -fno-builtin -Wa,-xgot -Wall -fPIC -march=r3000 -I../include -c init.c
init.c:71:2: warning: no newline at end of file
/OSLAB/compiler/usr/bin/mips_4KC-gcc -O -G 0 -mno-abicalls -fno-builtin -Wa,-xgot -Wall -fPIC -march=r3000 -I../include -c main.c
/OSLAB/compiler/usr/bin/mips_4KC-gcc -O -G 0 -mno-abicalls -fno-builtin -Wa,-xgot -Wall -fPIC -march=r3000 -I../include -c code_a.c
/OSLAB/compiler/usr/bin/mips_4KC-gcc -O -G 0 -mno-abicalls -fno-builtin -Wa,-xgot -Wall -fPIC -march=r3000 -I../include -c code_b.c
/OSLAB/compiler/usr/bin/mips_4KC-gcc -O -G 0 -mno-abicalls -fno-builtin -Wa,-xgot -Wall -fPIC -march=r3000 -I../include -c check_icode.c
make[1]: Leaving directory '/usr/src/workdir/init'
make --directory=lib
make[1]: Entering directory '/usr/src/workdir/lib'
/OSLAB/compiler/usr/bin/mips_4KC-gcc -O -G 0 -mno-abicalls -fno-builtin -Wa,-xgot -Wall -fPIC -march=r3000 -I./ -I../ -I../include/ -c kernel_elfloader.c
kernel_elfloader.c: In function 'load_elf':
kernel_elfloader.c:77: warning: suggest parentheses around assignment used as truth value
/OSLAB/compiler/usr/bin/mips_4KC-gcc -O -G 0 -mno-abicalls -fno-builtin -Wa,-xgot -Wall -fPIC -march=r3000 -I./ -I../ -I../include/ -c env.c
env.c: In function 'envid2env':
env.c:96: error: incompatible types in assignment
env.c: In function 'env_setup_vm':
env.c:171: warning: suggest parentheses around assignment used as truth value
env.c: In function 'env_alloc':
env.c:237: warning: suggest parentheses around assignment used as truth value
env.c: In function 'load_icode_mapper':
env.c:287: warning: suggest parentheses around assignment used as truth value
env.c:298: warning: suggest parentheses around assignment used as truth value
env.c:303: warning: suggest parentheses around assignment used as truth value
env.c:310: warning: suggest parentheses around assignment used as truth value
env.c:314: error: 'struct Env' has no member named 'env_pgidr'
env.c:314: warning: suggest parentheses around assignment used as truth value
env.c: In function 'load_icode':
env.c:349: warning: suggest parentheses around assignment used as truth value
env.c:356: warning: suggest parentheses around assignment used as truth value
env.c: In function 'env_create_priority':
env.c:382: warning: passing argument 1 of 'env_alloc' from incompatible pointer type
env.c: In function 'env_run':
env.c:503: warning: passing argument 1 of 'lcontext' makes integer from pointer without a cast
env.c: In function 'load_icode_check':
env.c:599: warning: unused variable 'paddr'
make[1]: *** [Makefile:3: env.o] Error 1
make[1]: Leaving directory '/usr/src/workdir/lib'
make: *** [Makefile:32: lib] Error 2

End build at Wed Apr 27 23:39:34 CST 2022
[33m[01m[ You got 5/50 in exception and scheduling algorithm test. ][0m
[33m[01m[ You got 10 (of 100) this time. Wed Apr 27 23:39:35 CST 2022 ][0m
Autotest: End at Wed Apr 27 23:39:35 CST 2022
