[33m[01m[05m[ You are changing the branch: lab3-1-exam ][0m
Autotest: Begin at Thu Apr 28 14:50:14 CST 2022
[35m[ Basic Test begin ][0m
Begin build at Thu Apr 28 14:50:14 CST 2022
Cleanning the project.................

for d in boot drivers init lib mm;	\
	do					\
		make --directory=$d clean; \
	done; \
rm -rf *.o *~ gxemul/vmlinux
make[1]: Entering directory '/usr/src/workdir/boot'
rm -rf *~ *.o
make[1]: Leaving directory '/usr/src/workdir/boot'
make[1]: Entering directory '/usr/src/workdir/drivers'
for d in gxconsole; \
	do				\
		make --directory=$d clean; \
	done
make[2]: Entering directory '/usr/src/workdir/drivers/gxconsole'
rm -rf *.o *~
make[2]: Leaving directory '/usr/src/workdir/drivers/gxconsole'
make[1]: Leaving directory '/usr/src/workdir/drivers'
make[1]: Entering directory '/usr/src/workdir/init'
rm -rf *~ *.o
make[1]: Leaving directory '/usr/src/workdir/init'
make[1]: Entering directory '/usr/src/workdir/lib'
rm -rf *~ *.o
make[1]: Leaving directory '/usr/src/workdir/lib'
make[1]: Entering directory '/usr/src/workdir/mm'
rm -rf *~ *.o
make[1]: Leaving directory '/usr/src/workdir/mm'

Building the project..................

make --directory=boot
make[1]: Entering directory '/usr/src/workdir/boot'
/OSLAB/compiler/usr/bin/mips_4KC-gcc -O -G 0 -mno-abicalls -fno-builtin -Wa,-xgot -Wall -fPIC -march=r3000 -I../include/ -c start.S 
make[1]: Leaving directory '/usr/src/workdir/boot'
make --directory=drivers
make[1]: Entering directory '/usr/src/workdir/drivers'
make --directory=gxconsole
make[2]: Entering directory '/usr/src/workdir/drivers/gxconsole'
/OSLAB/compiler/usr/bin/mips_4KC-gcc -O -G 0 -mno-abicalls -fno-builtin -Wa,-xgot -Wall -fPIC -march=r3000   -c -o console.o console.c
make[2]: Leaving directory '/usr/src/workdir/drivers/gxconsole'
make[1]: Leaving directory '/usr/src/workdir/drivers'
make --directory=init
make[1]: Entering directory '/usr/src/workdir/init'
/OSLAB/compiler/usr/bin/mips_4KC-gcc -O -G 0 -mno-abicalls -fno-builtin -Wa,-xgot -Wall -fPIC -march=r3000 -I../include -c init.c
/OSLAB/compiler/usr/bin/mips_4KC-gcc -O -G 0 -mno-abicalls -fno-builtin -Wa,-xgot -Wall -fPIC -march=r3000 -I../include -c main.c
/OSLAB/compiler/usr/bin/mips_4KC-gcc -O -G 0 -mno-abicalls -fno-builtin -Wa,-xgot -Wall -fPIC -march=r3000 -I../include -c code_a.c
/OSLAB/compiler/usr/bin/mips_4KC-gcc -O -G 0 -mno-abicalls -fno-builtin -Wa,-xgot -Wall -fPIC -march=r3000 -I../include -c code_b.c
/OSLAB/compiler/usr/bin/mips_4KC-gcc -O -G 0 -mno-abicalls -fno-builtin -Wa,-xgot -Wall -fPIC -march=r3000 -I../include -c check_icode.c
make[1]: Leaving directory '/usr/src/workdir/init'
make --directory=lib
make[1]: Entering directory '/usr/src/workdir/lib'
/OSLAB/compiler/usr/bin/mips_4KC-gcc -O -G 0 -mno-abicalls -fno-builtin -Wa,-xgot -Wall -fPIC -march=r3000 -I./ -I../ -I../include/ -c kernel_elfloader.c
kernel_elfloader.c: In function 'load_elf':
kernel_elfloader.c:77: warning: suggest parentheses around assignment used as truth value
/OSLAB/compiler/usr/bin/mips_4KC-gcc -O -G 0 -mno-abicalls -fno-builtin -Wa,-xgot -Wall -fPIC -march=r3000 -I./ -I../ -I../include/ -c env.c
env.c: In function 'exam_env_run':
env.c:38: warning: implicit declaration of function 'asid_alloc'
env.c: In function 'exam_env_free':
env.c:55: warning: implicit declaration of function 'asid_free'
env.c: At top level:
env.c:71: error: conflicting types for 'asid_alloc'
env.c:38: error: previous implicit declaration of 'asid_alloc' was here
env.c:91: warning: conflicting types for 'asid_free'
env.c:91: error: static declaration of 'asid_free' follows non-static declaration
env.c:55: error: previous implicit declaration of 'asid_free' was here
env.c: In function 'env_setup_vm':
env.c:213: warning: suggest parentheses around assignment used as truth value
env.c: In function 'env_alloc':
env.c:279: warning: suggest parentheses around assignment used as truth value
env.c: In function 'load_icode_mapper':
env.c:330: warning: suggest parentheses around assignment used as truth value
env.c:341: warning: suggest parentheses around assignment used as truth value
env.c:346: warning: suggest parentheses around assignment used as truth value
env.c:353: warning: suggest parentheses around assignment used as truth value
env.c:357: warning: suggest parentheses around assignment used as truth value
env.c: In function 'load_icode':
env.c:392: warning: suggest parentheses around assignment used as truth value
env.c:399: warning: suggest parentheses around assignment used as truth value
env.c: In function 'env_run':
env.c:547: warning: passing argument 1 of 'lcontext' makes integer from pointer without a cast
env.c: In function 'load_icode_check':
env.c:643: warning: unused variable 'paddr'
make[1]: *** [Makefile:3: env.o] Error 1
make[1]: Leaving directory '/usr/src/workdir/lib'
make: *** [Makefile:32: lib] Error 2

End build at Thu Apr 28 14:50:18 CST 2022
[35m[ PASSED:0 ][0m
[35m[ TOTAL:3 ][0m
[31m[01m[ Failed to pass basic test ][0m
[33m[01m[ You got 0 (of 100) this time. Thu Apr 28 14:50:18 CST 2022 ][0m
Autotest: End at Thu Apr 28 14:50:18 CST 2022
